[22-Apr-2024 11:32:35 UTC] PHP Warning:  Trying to access array offset on value of type null in C:\Users\Lenovo\Local Sites\tavel-goo\app\public\wp-content\themes\travel\front-page.php on line 11
[22-Apr-2024 11:32:35 UTC] PHP Warning:  Trying to access array offset on value of type null in C:\Users\Lenovo\Local Sites\tavel-goo\app\public\wp-content\themes\travel\front-page.php on line 12
[22-Apr-2024 11:33:04 UTC] PHP Warning:  Trying to access array offset on value of type null in C:\Users\Lenovo\Local Sites\tavel-goo\app\public\wp-content\themes\travel\front-page.php on line 11
[22-Apr-2024 11:33:04 UTC] PHP Warning:  Trying to access array offset on value of type null in C:\Users\Lenovo\Local Sites\tavel-goo\app\public\wp-content\themes\travel\front-page.php on line 12
[22-Apr-2024 11:40:56 UTC] PHP Warning:  Trying to access array offset on value of type null in C:\Users\Lenovo\Local Sites\tavel-goo\app\public\wp-content\themes\travel\front-page.php on line 11
[22-Apr-2024 11:40:56 UTC] PHP Warning:  Trying to access array offset on value of type null in C:\Users\Lenovo\Local Sites\tavel-goo\app\public\wp-content\themes\travel\front-page.php on line 12

[23-Apr-2024 18:24:55 UTC] PHP Warning:  Undefined variable $map in C:\Users\Lenovo\Local Sites\tavel-goo\app\public\wp-content\themes\travel\front-page.php on line 73
[23-Apr-2024 18:24:55 UTC] PHP Warning:  Undefined variable $third_section_title in C:\Users\Lenovo\Local Sites\tavel-goo\app\public\wp-content\themes\travel\front-page.php on line 79
[23-Apr-2024 18:24:55 UTC] PHP Warning:  Undefined variable $third_section_text in C:\Users\Lenovo\Local Sites\tavel-goo\app\public\wp-content\themes\travel\front-page.php on line 82
[23-Apr-2024 18:25:03 UTC] PHP Warning:  Undefined variable $map in C:\Users\Lenovo\Local Sites\tavel-goo\app\public\wp-content\themes\travel\front-page.php on line 73
[23-Apr-2024 18:25:03 UTC] PHP Warning:  Undefined variable $third_section_title in C:\Users\Lenovo\Local Sites\tavel-goo\app\public\wp-content\themes\travel\front-page.php on line 79
[23-Apr-2024 18:25:03 UTC] PHP Warning:  Undefined variable $third_section_text in C:\Users\Lenovo\Local Sites\tavel-goo\app\public\wp-content\themes\travel\front-page.php on line 82
[23-Apr-2024 18:34:45 UTC] PHP Warning:  Undefined variable $map in C:\Users\Lenovo\Local Sites\tavel-goo\app\public\wp-content\themes\travel\front-page.php on line 73
[23-Apr-2024 18:34:45 UTC] PHP Warning:  Undefined variable $third_section_title in C:\Users\Lenovo\Local Sites\tavel-goo\app\public\wp-content\themes\travel\front-page.php on line 79
[23-Apr-2024 18:34:45 UTC] PHP Warning:  Undefined variable $third_section_text in C:\Users\Lenovo\Local Sites\tavel-goo\app\public\wp-content\themes\travel\front-page.php on line 82
[23-Apr-2024 18:34:58 UTC] PHP Warning:  Undefined variable $map in C:\Users\Lenovo\Local Sites\tavel-goo\app\public\wp-content\themes\travel\front-page.php on line 73
[23-Apr-2024 18:34:58 UTC] PHP Warning:  Undefined variable $third_section_title in C:\Users\Lenovo\Local Sites\tavel-goo\app\public\wp-content\themes\travel\front-page.php on line 79
[23-Apr-2024 18:34:58 UTC] PHP Warning:  Undefined variable $third_section_text in C:\Users\Lenovo\Local Sites\tavel-goo\app\public\wp-content\themes\travel\front-page.php on line 82
[23-Apr-2024 18:35:22 UTC] PHP Warning:  Undefined variable $map in C:\Users\Lenovo\Local Sites\tavel-goo\app\public\wp-content\themes\travel\front-page.php on line 73
[23-Apr-2024 18:35:22 UTC] PHP Warning:  Undefined variable $third_section_title in C:\Users\Lenovo\Local Sites\tavel-goo\app\public\wp-content\themes\travel\front-page.php on line 79
[23-Apr-2024 18:35:22 UTC] PHP Warning:  Undefined variable $third_section_text in C:\Users\Lenovo\Local Sites\tavel-goo\app\public\wp-content\themes\travel\front-page.php on line 82
[23-Apr-2024 18:35:43 UTC] PHP Warning:  Undefined variable $map in C:\Users\Lenovo\Local Sites\tavel-goo\app\public\wp-content\themes\travel\front-page.php on line 73
[23-Apr-2024 18:35:43 UTC] PHP Warning:  Undefined variable $third_section_title in C:\Users\Lenovo\Local Sites\tavel-goo\app\public\wp-content\themes\travel\front-page.php on line 79
[23-Apr-2024 18:35:43 UTC] PHP Warning:  Undefined variable $third_section_text in C:\Users\Lenovo\Local Sites\tavel-goo\app\public\wp-content\themes\travel\front-page.php on line 82

[23-Apr-2024 13:49:06 UTC] PHP Warning:  file_get_contents(http://tavel-goo.local/wp-content/uploads/2024/04/Vector-2.png): Failed to open stream: HTTP request failed! HTTP/1.1 404 Not Found
 in C:\Users\User\Local Sites\tavel-goo\app\public\wp-includes\class-wp-image-editor-imagick.php on line 156
[24-Apr-2024 09:05:15 UTC] PHP Warning:  Trying to access array offset on value of type null in C:\Users\Admin\Local Sites\tavel-goo\app\public\wp-content\themes\travel\front-page.php on line 17
[24-Apr-2024 09:05:15 UTC] PHP Warning:  Trying to access array offset on value of type null in C:\Users\Admin\Local Sites\tavel-goo\app\public\wp-content\themes\travel\front-page.php on line 18
[24-Apr-2024 09:05:15 UTC] PHP Warning:  Trying to access array offset on value of type null in C:\Users\Admin\Local Sites\tavel-goo\app\public\wp-content\themes\travel\front-page.php on line 19
[24-Apr-2024 09:19:20 UTC] PHP Warning:  Trying to access array offset on value of type null in C:\Users\Admin\Local Sites\tavel-goo\app\public\wp-content\themes\travel\front-page.php on line 17
[24-Apr-2024 09:19:20 UTC] PHP Warning:  Trying to access array offset on value of type null in C:\Users\Admin\Local Sites\tavel-goo\app\public\wp-content\themes\travel\front-page.php on line 18
[24-Apr-2024 09:19:20 UTC] PHP Warning:  Trying to access array offset on value of type null in C:\Users\Admin\Local Sites\tavel-goo\app\public\wp-content\themes\travel\front-page.php on line 19
[24-Apr-2024 09:30:48 UTC] PHP Warning:  Trying to access array offset on value of type null in C:\Users\Admin\Local Sites\tavel-goo\app\public\wp-content\themes\travel\front-page.php on line 17
[24-Apr-2024 09:30:48 UTC] PHP Warning:  Trying to access array offset on value of type null in C:\Users\Admin\Local Sites\tavel-goo\app\public\wp-content\themes\travel\front-page.php on line 18
[24-Apr-2024 09:30:48 UTC] PHP Warning:  Trying to access array offset on value of type null in C:\Users\Admin\Local Sites\tavel-goo\app\public\wp-content\themes\travel\front-page.php on line 19
[24-Apr-2024 09:31:24 UTC] PHP Warning:  Trying to access array offset on value of type null in C:\Users\Admin\Local Sites\tavel-goo\app\public\wp-content\themes\travel\front-page.php on line 17
[24-Apr-2024 09:31:24 UTC] PHP Warning:  Trying to access array offset on value of type null in C:\Users\Admin\Local Sites\tavel-goo\app\public\wp-content\themes\travel\front-page.php on line 18
[24-Apr-2024 09:31:24 UTC] PHP Warning:  Trying to access array offset on value of type null in C:\Users\Admin\Local Sites\tavel-goo\app\public\wp-content\themes\travel\front-page.php on line 19
[24-Apr-2024 09:55:04 UTC] PHP Warning:  Undefined array key "best_services" in C:\Users\Admin\Local Sites\tavel-goo\app\public\wp-content\themes\travel\front-page.php on line 19
[25-Apr-2024 12:05:17 UTC] PHP Warning:  Trying to access array offset on value of type null in C:\Users\User\Local Sites\tavel-goo\app\public\wp-content\themes\travel\front-page.php on line 17
[25-Apr-2024 12:05:17 UTC] PHP Warning:  Trying to access array offset on value of type null in C:\Users\User\Local Sites\tavel-goo\app\public\wp-content\themes\travel\front-page.php on line 18
[25-Apr-2024 12:05:17 UTC] PHP Warning:  Trying to access array offset on value of type null in C:\Users\User\Local Sites\tavel-goo\app\public\wp-content\themes\travel\front-page.php on line 19
[25-Apr-2024 12:09:30 UTC] PHP Warning:  Trying to access array offset on value of type null in C:\Users\User\Local Sites\tavel-goo\app\public\wp-content\themes\travel\front-page.php on line 17
[25-Apr-2024 12:09:30 UTC] PHP Warning:  Trying to access array offset on value of type null in C:\Users\User\Local Sites\tavel-goo\app\public\wp-content\themes\travel\front-page.php on line 18
[25-Apr-2024 12:09:30 UTC] PHP Warning:  Trying to access array offset on value of type null in C:\Users\User\Local Sites\tavel-goo\app\public\wp-content\themes\travel\front-page.php on line 19
